<?xml version="1.0" encoding="UTF-8"?>
<!-- Generated by org.testng.reporters.JUnitXMLReporter -->
<testsuite ignored="0" hostname="DESKTOP-HTOMQO4" failures="0" tests="11" name="PracticePageTest" time="47.241" errors="0" timestamp="2025-10-10T18:45:33 IST">
  <testcase classname="pom1AutomationPractice.PracticeTestTestNG" name="testRadioButtons" time="2.417"/>
  <testcase classname="pom1AutomationPractice.PracticeTestTestNG" name="testSuggestionBox" time="1.586"/>
  <testcase classname="pom1AutomationPractice.PracticeTestTestNG" name="testDropdown" time="0.479"/>
  <testcase classname="pom1AutomationPractice.PracticeTestTestNG" name="testCheckboxes" time="1.309"/>
  <testcase classname="pom1AutomationPractice.PracticeTestTestNG" name="testSwitchWindow" time="2.946"/>
  <testcase classname="pom1AutomationPractice.PracticeTestTestNG" name="testSwitchTab" time="1.927"/>
  <testcase classname="pom1AutomationPractice.PracticeTestTestNG" name="testAlerts" time="2.334"/>
  <testcase classname="pom1AutomationPractice.PracticeTestTestNG" name="testWebTable" time="0.377"/>
  <testcase classname="pom1AutomationPractice.PracticeTestTestNG" name="testElementDisplayed" time="0.371"/>
  <testcase classname="pom1AutomationPractice.PracticeTestTestNG" name="testFixedHeaderTable" time="0.357"/>
  <testcase classname="pom1AutomationPractice.PracticeTestTestNG" name="testMouseHover" time="0.947"/>
</testsuite> <!-- PracticePageTest -->
