<?xml version="1.0" encoding="UTF-8"?>
<!-- Generated by org.testng.reporters.JUnitReportReporter -->
<testsuite hostname="DESKTOP-HTOMQO4" failures="0" tests="11" name="pom1AutomationPractice.PracticeTestTestNG" time="16.158" errors="0" timestamp="2025-10-11T19:09:48 IST" skipped="0">
  <testcase classname="pom1AutomationPractice.PracticeTestTestNG" name="testRadioButtons" time="5.239"/>
  <testcase classname="pom1AutomationPractice.PracticeTestTestNG" name="testSuggestionBox" time="1.771"/>
  <testcase classname="pom1AutomationPractice.PracticeTestTestNG" name="testDropdown" time="0.402"/>
  <testcase classname="pom1AutomationPractice.PracticeTestTestNG" name="testCheckboxes" time="1.252"/>
  <testcase classname="pom1AutomationPractice.PracticeTestTestNG" name="testSwitchWindow" time="2.112"/>
  <testcase classname="pom1AutomationPractice.PracticeTestTestNG" name="testSwitchTab" time="2.711"/>
  <testcase classname="pom1AutomationPractice.PracticeTestTestNG" name="testAlerts" time="1.174"/>
  <testcase classname="pom1AutomationPractice.PracticeTestTestNG" name="testWebTable" time="0.238"/>
  <testcase classname="pom1AutomationPractice.PracticeTestTestNG" name="testElementDisplayed" time="0.271"/>
  <testcase classname="pom1AutomationPractice.PracticeTestTestNG" name="testFixedHeaderTable" time="0.146"/>
  <testcase classname="pom1AutomationPractice.PracticeTestTestNG" name="testMouseHover" time="0.842"/>
</testsuite> <!-- pom1AutomationPractice.PracticeTestTestNG -->
